2020-11-14 00:18:07,869 - Tarea AWS - Inicio ejecución
2020-11-14 00:18:07,870 - Tarea AWS - Default bucket: testsoftware1
2020-11-14 00:18:07,870 - Tarea AWS - Default photo: text.png
2020-11-14 00:18:07,870 - Tarea AWS - Default base: It's monday but keep smiling
2020-11-14 00:18:34,439 - Tarea AWS - Inicio ejecución
2020-11-14 00:18:34,439 - Tarea AWS - Default bucket: testsoftware1
2020-11-14 00:18:34,439 - Tarea AWS - Default photo: text.png
2020-11-14 00:18:34,439 - Tarea AWS - Default base: It's monday but keep smiling
2020-11-14 00:19:43,127 - Tarea AWS - Inicio ejecución
2020-11-14 00:19:43,128 - Tarea AWS - Default bucket: testsoftware1
2020-11-14 00:19:43,128 - Tarea AWS - Default photo: text.png
2020-11-14 00:19:43,128 - Tarea AWS - Default base: It's monday but keep smiling
2020-11-14 00:20:18,291 - Tarea AWS - Inicio ejecución
2020-11-14 00:20:18,292 - Tarea AWS - Default bucket: testsoftware1
2020-11-14 00:20:18,292 - Tarea AWS - Default photo: text.png
2020-11-14 00:20:18,292 - Tarea AWS - Default base: It's monday but keep smiling
2020-11-14 00:20:38,595 - Tarea AWS - Inicio ejecución
2020-11-14 00:20:38,595 - Tarea AWS - Default bucket: testsoftware1
2020-11-14 00:20:38,595 - Tarea AWS - Default photo: text.png
2020-11-14 00:20:38,595 - Tarea AWS - Default base: It's monday but keep smiling
2020-11-14 00:22:26,253 - Tarea AWS - Inicio ejecución
2020-11-14 00:22:26,253 - Tarea AWS - Default bucket: testsoftware1
2020-11-14 00:22:26,253 - Tarea AWS - Default photo: text.png
2020-11-14 00:22:26,253 - Tarea AWS - Default base: It's monday but keep smiling
2020-11-14 00:23:32,435 - Tarea AWS - Inicio ejecución
2020-11-14 00:23:32,435 - Tarea AWS - Default bucket: testsoftware1
2020-11-14 00:23:32,435 - Tarea AWS - Default photo: text.png
2020-11-14 00:23:32,435 - Tarea AWS - Default base: It's monday but keep smiling
2020-11-14 03:53:18,245 - Tarea AWS - Inicio revisión credenciales
2020-11-14 03:53:18,247 - Tarea AWS - Se encontró valor para aws_access_key_id
2020-11-14 03:53:18,247 - Tarea AWS - Se encontró valor para aws_secret_access_key
2020-11-14 03:53:18,247 - Tarea AWS - Se encontró valor para aws_session_token
2020-11-14 03:53:18,248 - Tarea AWS - Formato válido de aws_access_key_id, aws_secret_access_key y aws_session_token
2020-11-14 03:53:18,248 - Tarea AWS - Inicio ejecución
2020-11-14 03:53:18,248 - Tarea AWS - Default bucket: testsoftware1
2020-11-14 03:53:18,248 - Tarea AWS - Default photo: text.png
2020-11-14 03:53:18,248 - Tarea AWS - Default base: It's monday but keep smiling
2020-11-14 03:53:52,496 - Tarea AWS - Inicio revisión credenciales
2020-11-14 03:53:52,497 - Tarea AWS - Se encontró valor para aws_access_key_id
2020-11-14 03:53:52,497 - Tarea AWS - Se encontró valor para aws_secret_access_key
2020-11-14 03:53:52,497 - Tarea AWS - Se encontró valor para aws_session_token
2020-11-14 03:53:52,498 - Tarea AWS - Formato válido de aws_access_key_id, aws_secret_access_key y aws_session_token
2020-11-14 03:53:52,498 - Tarea AWS - Inicio ejecución
2020-11-14 03:53:52,498 - Tarea AWS - Default bucket: testsoftware1
2020-11-14 03:53:52,498 - Tarea AWS - Default photo: text.png
2020-11-14 03:53:52,498 - Tarea AWS - Default base: It's monday but keep smiling
2020-11-14 03:54:34,448 - Tarea AWS - Inicio revisión credenciales
2020-11-14 03:54:34,449 - Tarea AWS - Se encontró valor para aws_access_key_id
2020-11-14 03:54:34,449 - Tarea AWS - Se encontró valor para aws_secret_access_key
2020-11-14 03:54:34,449 - Tarea AWS - Se encontró valor para aws_session_token
2020-11-14 03:54:34,449 - Tarea AWS - Formato válido de aws_access_key_id, aws_secret_access_key y aws_session_token
2020-11-14 03:54:34,449 - Tarea AWS - Inicio ejecución
2020-11-14 03:54:34,450 - Tarea AWS - Default bucket: testsoftware1
2020-11-14 03:54:34,450 - Tarea AWS - Default photo: text.png
2020-11-14 03:54:34,450 - Tarea AWS - Default base: It's monday but keep smiling
2020-11-14 04:03:49,193 - Tarea AWS - Inicio revisión credenciales
2020-11-14 04:03:49,195 - Tarea AWS - Se encontró valor para aws_access_key_id
2020-11-14 04:03:49,195 - Tarea AWS - Se encontró valor para aws_secret_access_key
2020-11-14 04:03:49,195 - Tarea AWS - Se encontró valor para aws_session_token
2020-11-14 04:03:49,196 - Tarea AWS - Formato válido de aws_access_key_id, aws_secret_access_key y aws_session_token
2020-11-14 04:03:49,196 - Tarea AWS - Inicio ejecución
2020-11-14 04:03:49,196 - Tarea AWS - Default bucket: testsoftware1
2020-11-14 04:03:49,196 - Tarea AWS - Default photo: text.png
2020-11-14 04:03:49,196 - Tarea AWS - Default base: It's monday but keep smiling
2020-11-14 04:05:05,875 - Tarea AWS - Inicio revisión credenciales
2020-11-14 04:05:05,877 - Tarea AWS - Se encontró valor para aws_access_key_id
2020-11-14 04:05:05,877 - Tarea AWS - Se encontró valor para aws_secret_access_key
2020-11-14 04:05:05,877 - Tarea AWS - Se encontró valor para aws_session_token
2020-11-14 04:05:05,877 - Tarea AWS - Formato válido de aws_access_key_id, aws_secret_access_key y aws_session_token
2020-11-14 04:05:05,877 - Tarea AWS - Inicio ejecución
2020-11-14 04:05:05,877 - Tarea AWS - Default bucket: testsoftware1
2020-11-14 04:05:05,877 - Tarea AWS - Default photo: text.png
2020-11-14 04:05:05,877 - Tarea AWS - Default base: It's monday but keep smiling
2020-11-14 04:07:14,039 - Tarea AWS - Inicio revisión credenciales
2020-11-14 04:07:14,040 - Tarea AWS - Se encontró valor para aws_access_key_id
2020-11-14 04:07:14,040 - Tarea AWS - Se encontró valor para aws_secret_access_key
2020-11-14 04:07:14,040 - Tarea AWS - Se encontró valor para aws_session_token
2020-11-14 04:07:14,041 - Tarea AWS - Formato válido de aws_access_key_id, aws_secret_access_key y aws_session_token
2020-11-14 04:07:14,041 - Tarea AWS - Inicio ejecución
2020-11-14 04:07:14,041 - Tarea AWS - Default bucket: testsoftware1
2020-11-14 04:07:14,041 - Tarea AWS - Default photo: text.png
2020-11-14 04:07:14,041 - Tarea AWS - Default base: It's monday but keep smiling
2020-11-14 04:09:45,885 - Tarea AWS - Inicio revisión credenciales
2020-11-14 04:09:45,887 - Tarea AWS - Se encontró valor para aws_access_key_id
2020-11-14 04:09:45,887 - Tarea AWS - Se encontró valor para aws_secret_access_key
2020-11-14 04:09:45,887 - Tarea AWS - Se encontró valor para aws_session_token
2020-11-14 04:09:45,887 - Tarea AWS - Formato válido de aws_access_key_id, aws_secret_access_key y aws_session_token
2020-11-14 04:09:45,887 - Tarea AWS - Inicio ejecución
2020-11-14 04:09:45,887 - Tarea AWS - Default bucket: testsoftware1
2020-11-14 04:09:45,888 - Tarea AWS - Default photo: text.png
2020-11-14 04:09:45,888 - Tarea AWS - Default base: It's monday but keep smiling
2020-11-14 04:10:25,744 - Tarea AWS - Inicio revisión credenciales
2020-11-14 04:10:25,745 - Tarea AWS - Se encontró valor para aws_access_key_id
2020-11-14 04:10:25,746 - Tarea AWS - Se encontró valor para aws_secret_access_key
2020-11-14 04:10:25,746 - Tarea AWS - Se encontró valor para aws_session_token
2020-11-14 04:10:25,746 - Tarea AWS - Formato válido de aws_access_key_id, aws_secret_access_key y aws_session_token
2020-11-14 04:10:25,746 - Tarea AWS - Inicio ejecución
2020-11-14 04:10:25,746 - Tarea AWS - Default bucket: testsoftware1
2020-11-14 04:10:25,746 - Tarea AWS - Default photo: text.png
2020-11-14 04:10:25,746 - Tarea AWS - Default base: It's monday but keep smiling
2020-11-14 04:21:14,870 - Tarea AWS - Inicio revisión credenciales
2020-11-14 04:23:12,347 - Tarea AWS - Inicio revisión credenciales
2020-11-14 04:31:15,014 - Tarea AWS - START apertura archivo credenciales.
2020-11-14 04:31:15,015 - Tarea AWS - Archivo credentials encontrado.
2020-11-14 04:31:15,015 - Tarea AWS - END apertura archivo credenciales.
2020-11-14 04:31:15,015 - Tarea AWS - START revisión validez formato credenciales
2020-11-14 04:31:15,016 - Tarea AWS - Se encontró valor para parámetro aws_access_key_id
2020-11-14 04:31:15,016 - Tarea AWS - Se encontró valor para parámetro aws_secret_access_key
2020-11-14 04:31:15,016 - Tarea AWS - Se encontró valor para parámetro aws_session_token
2020-11-14 04:31:15,016 - Tarea AWS - Formato válido de aws_access_key_id, aws_secret_access_key y aws_session_token
2020-11-14 04:31:15,016 - Tarea AWS - END revisión validez credenciales
2020-11-14 04:31:15,016 - Tarea AWS - START ejecución
2020-11-14 04:31:15,016 - Tarea AWS - Default bucket: testsoftware1
2020-11-14 04:31:15,016 - Tarea AWS - Default photo: text.png
2020-11-14 04:31:15,016 - Tarea AWS - Default base: It's monday but keep smiling
2020-11-14 04:31:45,722 - Tarea AWS - START apertura archivo credenciales.
2020-11-14 04:31:45,723 - Tarea AWS - Archivo credentials encontrado.
2020-11-14 04:31:45,723 - Tarea AWS - END apertura archivo credenciales.
2020-11-14 04:31:45,724 - Tarea AWS - START revisión validez formato credenciales
2020-11-14 04:31:45,724 - Tarea AWS - Se encontró valor para parámetro aws_access_key_id
2020-11-14 04:31:45,724 - Tarea AWS - Se encontró valor para parámetro aws_secret_access_key
2020-11-14 04:31:45,724 - Tarea AWS - Se encontró valor para parámetro aws_session_token
2020-11-14 04:31:45,724 - Tarea AWS - Formato válido de aws_access_key_id, aws_secret_access_key y aws_session_token
2020-11-14 04:31:45,725 - Tarea AWS - END revisión validez credenciales
2020-11-14 04:31:45,725 - Tarea AWS - START ejecución
2020-11-14 04:31:45,725 - Tarea AWS - Default bucket: testsoftware1
2020-11-14 04:31:45,725 - Tarea AWS - Default photo: text2.png
2020-11-14 04:31:45,725 - Tarea AWS - Default base: It's monday but keep smiling
2020-11-14 04:32:31,803 - Tarea AWS - START apertura archivo credenciales.
2020-11-14 04:32:31,803 - Tarea AWS - Archivo credentials encontrado.
2020-11-14 04:32:31,804 - Tarea AWS - END apertura archivo credenciales.
2020-11-14 04:32:31,804 - Tarea AWS - START revisión validez formato credenciales
2020-11-14 04:32:31,804 - Tarea AWS - Se encontró valor para parámetro aws_access_key_id
2020-11-14 04:32:31,805 - Tarea AWS - Se encontró valor para parámetro aws_secret_access_key
2020-11-14 04:32:31,805 - Tarea AWS - Se encontró valor para parámetro aws_session_token
2020-11-14 04:32:31,805 - Tarea AWS - Formato válido de aws_access_key_id, aws_secret_access_key y aws_session_token
2020-11-14 04:32:31,805 - Tarea AWS - END revisión validez credenciales
2020-11-14 04:32:31,805 - Tarea AWS - START ejecución
2020-11-14 04:32:31,805 - Tarea AWS - Default bucket: testsoftware12
2020-11-14 04:32:31,805 - Tarea AWS - Default photo: text.png
2020-11-14 04:32:31,805 - Tarea AWS - Default base: It's monday but keep smiling
2020-11-14 04:37:21,987 - Tarea AWS - START apertura archivo credenciales.
2020-11-14 04:37:21,989 - Tarea AWS - Archivo credentials encontrado.
2020-11-14 04:37:21,989 - Tarea AWS - END apertura archivo credenciales.
2020-11-14 04:37:21,989 - Tarea AWS - START revisión validez formato credenciales
2020-11-14 04:37:21,990 - Tarea AWS - Se encontró valor para parámetro aws_access_key_id
2020-11-14 04:37:21,990 - Tarea AWS - Se encontró valor para parámetro aws_secret_access_key
2020-11-14 04:37:21,990 - Tarea AWS - Se encontró valor para parámetro aws_session_token
2020-11-14 04:37:21,990 - Tarea AWS - Formato válido de aws_access_key_id, aws_secret_access_key y aws_session_token
2020-11-14 04:37:21,991 - Tarea AWS - END revisión validez credenciales
2020-11-14 04:37:21,991 - Tarea AWS - START ejecución
2020-11-14 04:37:21,991 - Tarea AWS - Default bucket: testsoftware12
2020-11-14 04:37:21,991 - Tarea AWS - Default photo: text.png
2020-11-14 04:37:21,991 - Tarea AWS - Default base: It's monday but keep smiling
2020-11-14 04:37:27,289 - Tarea AWS - An error occurred (InvalidS3ObjectException) when calling the DetectText operation: Unable to get object metadata from S3. Check object key, region and/or access permissions.
2020-11-14 04:39:36,700 - Tarea AWS - START apertura archivo credenciales.
2020-11-14 04:39:36,701 - Tarea AWS - Archivo credentials encontrado.
2020-11-14 04:39:36,701 - Tarea AWS - END apertura archivo credenciales.
2020-11-14 04:39:36,701 - Tarea AWS - START revisión validez formato credenciales
2020-11-14 04:39:36,701 - Tarea AWS - Se encontró valor para parámetro aws_access_key_id
2020-11-14 04:39:36,702 - Tarea AWS - Se encontró valor para parámetro aws_secret_access_key
2020-11-14 04:39:36,702 - Tarea AWS - Se encontró valor para parámetro aws_session_token
2020-11-14 04:39:36,702 - Tarea AWS - Formato válido de aws_access_key_id, aws_secret_access_key y aws_session_token
2020-11-14 04:39:36,702 - Tarea AWS - END revisión validez credenciales
2020-11-14 04:39:36,702 - Tarea AWS - START ejecución
2020-11-14 04:39:36,702 - Tarea AWS - Default bucket: testsoftware1
2020-11-14 04:39:36,702 - Tarea AWS - Default photo: text.png
2020-11-14 04:39:36,702 - Tarea AWS - Default base: It's monday but keep smiling
2020-11-14 04:40:19,906 - Tarea AWS - START apertura archivo credenciales.
2020-11-14 04:40:19,907 - Tarea AWS - Archivo credentials encontrado.
2020-11-14 04:40:19,907 - Tarea AWS - END apertura archivo credenciales.
2020-11-14 04:40:19,907 - Tarea AWS - START revisión validez formato credenciales
2020-11-14 04:40:19,908 - Tarea AWS - Se encontró valor para parámetro aws_access_key_id
2020-11-14 04:40:19,908 - Tarea AWS - Se encontró valor para parámetro aws_secret_access_key
2020-11-14 04:40:19,908 - Tarea AWS - Se encontró valor para parámetro aws_session_token
2020-11-14 04:40:19,908 - Tarea AWS - Formato válido de aws_access_key_id, aws_secret_access_key y aws_session_token
2020-11-14 04:40:19,908 - Tarea AWS - END revisión validez credenciales
2020-11-14 04:40:19,908 - Tarea AWS - START ejecución
2020-11-14 04:40:19,908 - Tarea AWS - Default bucket: testsoftware1
2020-11-14 04:40:19,908 - Tarea AWS - Default photo: text.png
2020-11-14 04:40:19,908 - Tarea AWS - Default base: It's monday but keep smiling
2020-11-14 04:40:49,261 - Tarea AWS - START apertura archivo credenciales.
2020-11-14 04:40:49,262 - Tarea AWS - Archivo credentials encontrado.
2020-11-14 04:40:49,262 - Tarea AWS - END apertura archivo credenciales.
2020-11-14 04:40:49,262 - Tarea AWS - START revisión validez formato credenciales
2020-11-14 04:40:49,262 - Tarea AWS - Se encontró valor para parámetro aws_access_key_id
2020-11-14 04:40:49,262 - Tarea AWS - Se encontró valor para parámetro aws_secret_access_key
2020-11-14 04:40:49,263 - Tarea AWS - Se encontró valor para parámetro aws_session_token
2020-11-14 04:40:49,263 - Tarea AWS - Formato válido de aws_access_key_id, aws_secret_access_key y aws_session_token
2020-11-14 04:40:49,263 - Tarea AWS - END revisión validez credenciales
2020-11-14 04:40:49,263 - Tarea AWS - START ejecución
2020-11-14 04:40:49,263 - Tarea AWS - Default bucket: testsoftware1
2020-11-14 04:40:49,263 - Tarea AWS - Default photo: text.png
2020-11-14 04:40:49,263 - Tarea AWS - Default base: It's monday but keep smiling
2020-11-14 04:41:58,716 - Tarea AWS - START apertura archivo credenciales.
2020-11-14 04:41:58,717 - Tarea AWS - Archivo credentials encontrado.
2020-11-14 04:41:58,717 - Tarea AWS - END apertura archivo credenciales.
2020-11-14 04:41:58,717 - Tarea AWS - START revisión validez formato credenciales
2020-11-14 04:41:58,718 - Tarea AWS - Se encontró valor para parámetro aws_access_key_id
2020-11-14 04:41:58,718 - Tarea AWS - Se encontró valor para parámetro aws_secret_access_key
2020-11-14 04:41:58,718 - Tarea AWS - Se encontró valor para parámetro aws_session_token
2020-11-14 04:41:58,718 - Tarea AWS - Formato válido de aws_access_key_id, aws_secret_access_key y aws_session_token
2020-11-14 04:41:58,718 - Tarea AWS - END revisión validez credenciales
2020-11-14 04:41:58,718 - Tarea AWS - START ejecución
2020-11-14 04:41:58,718 - Tarea AWS - Default bucket: testsoftware1
2020-11-14 04:41:58,718 - Tarea AWS - Default photo: text.png
2020-11-14 04:41:58,718 - Tarea AWS - Default base: It's monday but keep smiling
2020-11-14 04:42:01,717 - Tarea AWS - An error occurred (UnrecognizedClientException) when calling the DetectText operation: The security token included in the request is invalid.
2020-11-14 04:42:38,201 - Tarea AWS - START apertura archivo credenciales.
2020-11-14 04:42:38,201 - Tarea AWS - Archivo credentials encontrado.
2020-11-14 04:42:38,202 - Tarea AWS - END apertura archivo credenciales.
2020-11-14 04:42:38,202 - Tarea AWS - START revisión validez formato credenciales
2020-11-14 04:42:38,202 - Tarea AWS - Se encontró valor para parámetro aws_access_key_id
2020-11-14 04:42:38,202 - Tarea AWS - Se encontró valor para parámetro aws_secret_access_key
2020-11-14 04:42:38,202 - Tarea AWS - Se encontró valor para parámetro aws_session_token
2020-11-14 04:42:38,202 - Tarea AWS - Formato válido de aws_access_key_id, aws_secret_access_key y aws_session_token
2020-11-14 04:42:38,202 - Tarea AWS - END revisión validez credenciales
2020-11-14 04:42:38,202 - Tarea AWS - START ejecución
2020-11-14 04:42:38,203 - Tarea AWS - Default bucket: testsoftware1
2020-11-14 04:42:38,203 - Tarea AWS - Default photo: text.png
2020-11-14 04:42:38,203 - Tarea AWS - Default base: It's monday but keep smiling
2020-11-14 04:42:40,923 - Tarea AWS - An error occurred (UnrecognizedClientException) when calling the DetectText operation: The security token included in the request is invalid.
2020-11-14 04:45:59,110 - Tarea AWS - START apertura archivo credenciales.
2020-11-14 04:45:59,111 - Tarea AWS - Archivo credentials encontrado.
2020-11-14 04:45:59,111 - Tarea AWS - END apertura archivo credenciales.
2020-11-14 04:45:59,111 - Tarea AWS - START revisión validez formato credenciales
2020-11-14 04:45:59,112 - Tarea AWS - Se encontró valor para parámetro aws_access_key_id
2020-11-14 04:45:59,112 - Tarea AWS - Se encontró valor para parámetro aws_secret_access_key
2020-11-14 04:45:59,112 - Tarea AWS - Se encontró valor para parámetro aws_session_token
2020-11-14 04:45:59,112 - Tarea AWS - Formato válido de aws_access_key_id, aws_secret_access_key y aws_session_token
2020-11-14 04:45:59,112 - Tarea AWS - END revisión validez credenciales
2020-11-14 04:45:59,112 - Tarea AWS - START ejecución
2020-11-14 04:45:59,112 - Tarea AWS - Default bucket: testsoftware1
2020-11-14 04:45:59,112 - Tarea AWS - Default photo: text.png
2020-11-14 04:45:59,113 - Tarea AWS - Default base: It's monday but keep smiling
2020-11-14 04:46:00,743 - Tarea AWS - An error occurred (UnrecognizedClientException) when calling the DetectText operation: The security token included in the request is invalid.
2020-11-14 04:46:15,970 - Tarea AWS - START apertura archivo credenciales.
2020-11-14 04:46:15,971 - Tarea AWS - Archivo credentials encontrado.
2020-11-14 04:46:15,971 - Tarea AWS - END apertura archivo credenciales.
2020-11-14 04:46:15,971 - Tarea AWS - START revisión validez formato credenciales
2020-11-14 04:46:15,971 - Tarea AWS - Se encontró valor para parámetro aws_access_key_id
2020-11-14 04:46:15,971 - Tarea AWS - Se encontró valor para parámetro aws_secret_access_key
2020-11-14 04:46:15,971 - Tarea AWS - Se encontró valor para parámetro aws_session_token
2020-11-14 04:46:15,971 - Tarea AWS - Formato válido de aws_access_key_id, aws_secret_access_key y aws_session_token
2020-11-14 04:46:15,972 - Tarea AWS - END revisión validez credenciales
2020-11-14 04:46:15,972 - Tarea AWS - START ejecución
2020-11-14 04:46:15,972 - Tarea AWS - Default bucket: testsoftware1
2020-11-14 04:46:15,972 - Tarea AWS - Default photo: text.png
2020-11-14 04:46:15,972 - Tarea AWS - Default base: It's monday but keep smiling
2020-11-14 04:46:19,164 - Tarea AWS - Conexión a S3 válida
2020-11-14 04:46:19,164 - Tarea AWS - Respuesta obtenida de AWS rekognition:
2020-11-14 04:46:19,164 - Tarea AWS - [{'DetectedText': "IT'S", 'Type': 'LINE', 'Id': 0, 'Confidence': 99.88135528564453, 'Geometry': {'BoundingBox': {'Width': 0.14217659831047058, 'Height': 0.09879366308450699, 'Left': 0.6706700325012207, 'Top': 0.17831477522850037}, 'Polygon': [{'X': 0.6706700325012207, 'Y': 0.17831477522850037}, {'X': 0.8128466010093689, 'Y': 0.17747487127780914}, {'X': 0.8131031394004822, 'Y': 0.27626854181289673}, {'X': 0.6709265112876892, 'Y': 0.27710843086242676}]}}, {'DetectedText': 'MONDAY', 'Type': 'LINE', 'Id': 1, 'Confidence': 99.97772979736328, 'Geometry': {'BoundingBox': {'Width': 0.3932805359363556, 'Height': 0.11092871427536011, 'Left': 0.5540035963058472, 'Top': 0.35180920362472534}, 'Polygon': [{'X': 0.5540035963058472, 'Y': 0.35180920362472534}, {'X': 0.9472841024398804, 'Y': 0.3493102788925171}, {'X': 0.9475938677787781, 'Y': 0.4602389931678772}, {'X': 0.5543133616447449, 'Y': 0.46273791790008545}]}}, {'DetectedText': 'but keep', 'Type': 'LINE', 'Id': 2, 'Confidence': 99.8603286743164, 'Geometry': {'BoundingBox': {'Width': 0.20735050737857819, 'Height': 0.08156958967447281, 'Left': 0.6358916163444519, 'Top': 0.5168524980545044}, 'Polygon': [{'X': 0.6358916163444519, 'Y': 0.5168524980545044}, {'X': 0.8432421088218689, 'Y': 0.5253582000732422}, {'X': 0.8417716026306152, 'Y': 0.606927752494812}, {'X': 0.6344210505485535, 'Y': 0.5984220504760742}]}}, {'DetectedText': 'Smiling', 'Type': 'LINE', 'Id': 3, 'Confidence': 99.91976165771484, 'Geometry': {'BoundingBox': {'Width': 0.47920966148376465, 'Height': 0.29247719049453735, 'Left': 0.503202497959137, 'Top': 0.6289750337600708}, 'Polygon': [{'X': 0.503202497959137, 'Y': 0.6289750337600708}, {'X': 0.9824121594429016, 'Y': 0.6110779047012329}, {'X': 0.9872128367424011, 'Y': 0.9035550951957703}, {'X': 0.5080031752586365, 'Y': 0.9214522242546082}]}}, {'DetectedText': "IT'S", 'Type': 'WORD', 'Id': 4, 'ParentId': 0, 'Confidence': 99.88135528564453, 'Geometry': {'BoundingBox': {'Width': 0.1405750811100006, 'Height': 0.09639877825975418, 'Left': 0.6709265112876892, 'Top': 0.1783132553100586}, 'Polygon': [{'X': 0.6709265112876892, 'Y': 0.1783132553100586}, {'X': 0.8115016222000122, 'Y': 0.1783132553100586}, {'X': 0.8130990266799927, 'Y': 0.27469879388809204}, {'X': 0.6709265112876892, 'Y': 0.27710843086242676}]}}, {'DetectedText': 'MONDAY', 'Type': 'WORD', 'Id': 5, 'ParentId': 1, 'Confidence': 99.97772979736328, 'Geometry': {'BoundingBox': {'Width': 0.39297863841056824, 'Height': 0.11084337532520294, 'Left': 0.5543131232261658, 'Top': 0.35180723667144775}, 'Polygon': [{'X': 0.5543131232261658, 'Y': 0.35180723667144775}, {'X': 0.9472843408584595, 'Y': 0.34939759969711304}, {'X': 0.9472843408584595, 'Y': 0.4602409601211548}, {'X': 0.5543131232261658, 'Y': 0.4626505970954895}]}}, {'DetectedText': 'but', 'Type': 'WORD', 'Id': 6, 'ParentId': 2, 'Confidence': 99.84671783447266, 'Geometry': {'BoundingBox': {'Width': 0.08466453850269318, 'Height': 0.06746987998485565, 'Left': 0.6357827186584473, 'Top': 0.5228915810585022}, 'Polygon': [{'X': 0.6357827186584473, 'Y': 0.5228915810585022}, {'X': 0.720447301864624, 'Y': 0.5228915810585022}, {'X': 0.720447301864624, 'Y': 0.5903614163398743}, {'X': 0.6357827186584473, 'Y': 0.5903614163398743}]}}, {'DetectedText': 'keep', 'Type': 'WORD', 'Id': 7, 'ParentId': 2, 'Confidence': 99.87393951416016, 'Geometry': {'BoundingBox': {'Width': 0.11022364348173141, 'Height': 0.07710843533277512, 'Left': 0.7316293716430664, 'Top': 0.5253012180328369}, 'Polygon': [{'X': 0.7316293716430664, 'Y': 0.5253012180328369}, {'X': 0.8418530225753784, 'Y': 0.5253012180328369}, {'X': 0.8418530225753784, 'Y': 0.6024096608161926}, {'X': 0.7316293716430664, 'Y': 0.6024096608161926}]}}, {'DetectedText': 'Smiling', 'Type': 'WORD', 'Id': 8, 'ParentId': 3, 'Confidence': 99.91976165771484, 'Geometry': {'BoundingBox': {'Width': 0.47793352603912354, 'Height': 0.291583776473999, 'Left': 0.504792332649231, 'Top': 0.6289156675338745}, 'Polygon': [{'X': 0.504792332649231, 'Y': 0.6289156675338745}, {'X': 0.9824281334877014, 'Y': 0.6120482087135315}, {'X': 0.9856230020523071, 'Y': 0.9036144614219666}, {'X': 0.5079872012138367, 'Y': 0.9204819202423096}]}}]
2020-11-14 04:47:01,702 - Tarea AWS - START apertura archivo credenciales.
2020-11-14 04:47:01,702 - Tarea AWS - Archivo credentials encontrado.
2020-11-14 04:47:01,703 - Tarea AWS - END apertura archivo credenciales.
2020-11-14 04:47:01,703 - Tarea AWS - START revisión validez formato credenciales
2020-11-14 04:47:01,703 - Tarea AWS - Se encontró valor para parámetro aws_access_key_id
2020-11-14 04:47:01,703 - Tarea AWS - Se encontró valor para parámetro aws_secret_access_key
2020-11-14 04:47:01,703 - Tarea AWS - Se encontró valor para parámetro aws_session_token
2020-11-14 04:47:01,703 - Tarea AWS - Formato válido de aws_access_key_id, aws_secret_access_key y aws_session_token
2020-11-14 04:47:01,703 - Tarea AWS - END revisión validez credenciales
2020-11-14 04:47:01,703 - Tarea AWS - START ejecución
2020-11-14 04:47:01,703 - Tarea AWS - Default bucket: testsoftware1
2020-11-14 04:47:01,703 - Tarea AWS - Default photo: text.png
2020-11-14 04:47:01,703 - Tarea AWS - Default base: It's monday but keep smiling
2020-11-14 04:47:04,522 - Tarea AWS - Conexión a S3 válida
2020-11-14 04:47:04,522 - Tarea AWS - Respuesta obtenida de AWS rekognition:
2020-11-14 04:47:04,522 - Tarea AWS - {'DetectedText': "IT'S", 'Type': 'LINE', 'Id': 0, 'Confidence': 99.88135528564453, 'Geometry': {'BoundingBox': {'Width': 0.14217659831047058, 'Height': 0.09879366308450699, 'Left': 0.6706700325012207, 'Top': 0.17831477522850037}, 'Polygon': [{'X': 0.6706700325012207, 'Y': 0.17831477522850037}, {'X': 0.8128466010093689, 'Y': 0.17747487127780914}, {'X': 0.8131031394004822, 'Y': 0.27626854181289673}, {'X': 0.6709265112876892, 'Y': 0.27710843086242676}]}}
2020-11-14 04:47:04,522 - Tarea AWS - {'DetectedText': 'MONDAY', 'Type': 'LINE', 'Id': 1, 'Confidence': 99.97772979736328, 'Geometry': {'BoundingBox': {'Width': 0.3932805359363556, 'Height': 0.11092871427536011, 'Left': 0.5540035963058472, 'Top': 0.35180920362472534}, 'Polygon': [{'X': 0.5540035963058472, 'Y': 0.35180920362472534}, {'X': 0.9472841024398804, 'Y': 0.3493102788925171}, {'X': 0.9475938677787781, 'Y': 0.4602389931678772}, {'X': 0.5543133616447449, 'Y': 0.46273791790008545}]}}
2020-11-14 04:47:04,522 - Tarea AWS - {'DetectedText': 'but keep', 'Type': 'LINE', 'Id': 2, 'Confidence': 99.8603286743164, 'Geometry': {'BoundingBox': {'Width': 0.20735050737857819, 'Height': 0.08156958967447281, 'Left': 0.6358916163444519, 'Top': 0.5168524980545044}, 'Polygon': [{'X': 0.6358916163444519, 'Y': 0.5168524980545044}, {'X': 0.8432421088218689, 'Y': 0.5253582000732422}, {'X': 0.8417716026306152, 'Y': 0.606927752494812}, {'X': 0.6344210505485535, 'Y': 0.5984220504760742}]}}
2020-11-14 04:47:04,522 - Tarea AWS - {'DetectedText': 'Smiling', 'Type': 'LINE', 'Id': 3, 'Confidence': 99.91976165771484, 'Geometry': {'BoundingBox': {'Width': 0.47920966148376465, 'Height': 0.29247719049453735, 'Left': 0.503202497959137, 'Top': 0.6289750337600708}, 'Polygon': [{'X': 0.503202497959137, 'Y': 0.6289750337600708}, {'X': 0.9824121594429016, 'Y': 0.6110779047012329}, {'X': 0.9872128367424011, 'Y': 0.9035550951957703}, {'X': 0.5080031752586365, 'Y': 0.9214522242546082}]}}
2020-11-14 04:47:04,523 - Tarea AWS - {'DetectedText': "IT'S", 'Type': 'WORD', 'Id': 4, 'ParentId': 0, 'Confidence': 99.88135528564453, 'Geometry': {'BoundingBox': {'Width': 0.1405750811100006, 'Height': 0.09639877825975418, 'Left': 0.6709265112876892, 'Top': 0.1783132553100586}, 'Polygon': [{'X': 0.6709265112876892, 'Y': 0.1783132553100586}, {'X': 0.8115016222000122, 'Y': 0.1783132553100586}, {'X': 0.8130990266799927, 'Y': 0.27469879388809204}, {'X': 0.6709265112876892, 'Y': 0.27710843086242676}]}}
2020-11-14 04:47:04,523 - Tarea AWS - {'DetectedText': 'MONDAY', 'Type': 'WORD', 'Id': 5, 'ParentId': 1, 'Confidence': 99.97772979736328, 'Geometry': {'BoundingBox': {'Width': 0.39297863841056824, 'Height': 0.11084337532520294, 'Left': 0.5543131232261658, 'Top': 0.35180723667144775}, 'Polygon': [{'X': 0.5543131232261658, 'Y': 0.35180723667144775}, {'X': 0.9472843408584595, 'Y': 0.34939759969711304}, {'X': 0.9472843408584595, 'Y': 0.4602409601211548}, {'X': 0.5543131232261658, 'Y': 0.4626505970954895}]}}
2020-11-14 04:47:04,523 - Tarea AWS - {'DetectedText': 'but', 'Type': 'WORD', 'Id': 6, 'ParentId': 2, 'Confidence': 99.84671783447266, 'Geometry': {'BoundingBox': {'Width': 0.08466453850269318, 'Height': 0.06746987998485565, 'Left': 0.6357827186584473, 'Top': 0.5228915810585022}, 'Polygon': [{'X': 0.6357827186584473, 'Y': 0.5228915810585022}, {'X': 0.720447301864624, 'Y': 0.5228915810585022}, {'X': 0.720447301864624, 'Y': 0.5903614163398743}, {'X': 0.6357827186584473, 'Y': 0.5903614163398743}]}}
2020-11-14 04:47:04,523 - Tarea AWS - {'DetectedText': 'keep', 'Type': 'WORD', 'Id': 7, 'ParentId': 2, 'Confidence': 99.87393951416016, 'Geometry': {'BoundingBox': {'Width': 0.11022364348173141, 'Height': 0.07710843533277512, 'Left': 0.7316293716430664, 'Top': 0.5253012180328369}, 'Polygon': [{'X': 0.7316293716430664, 'Y': 0.5253012180328369}, {'X': 0.8418530225753784, 'Y': 0.5253012180328369}, {'X': 0.8418530225753784, 'Y': 0.6024096608161926}, {'X': 0.7316293716430664, 'Y': 0.6024096608161926}]}}
2020-11-14 04:47:04,523 - Tarea AWS - {'DetectedText': 'Smiling', 'Type': 'WORD', 'Id': 8, 'ParentId': 3, 'Confidence': 99.91976165771484, 'Geometry': {'BoundingBox': {'Width': 0.47793352603912354, 'Height': 0.291583776473999, 'Left': 0.504792332649231, 'Top': 0.6289156675338745}, 'Polygon': [{'X': 0.504792332649231, 'Y': 0.6289156675338745}, {'X': 0.9824281334877014, 'Y': 0.6120482087135315}, {'X': 0.9856230020523071, 'Y': 0.9036144614219666}, {'X': 0.5079872012138367, 'Y': 0.9204819202423096}]}}
2020-11-14 04:50:25,191 - Tarea AWS - START apertura archivo credenciales.
2020-11-14 04:50:25,192 - Tarea AWS - Archivo credentials encontrado.
2020-11-14 04:50:25,192 - Tarea AWS - END apertura archivo credenciales.
2020-11-14 04:50:25,192 - Tarea AWS - START revisión validez formato credenciales
2020-11-14 04:50:25,192 - Tarea AWS - Se encontró valor para parámetro aws_access_key_id
2020-11-14 04:50:25,192 - Tarea AWS - Se encontró valor para parámetro aws_secret_access_key
2020-11-14 04:50:25,192 - Tarea AWS - Se encontró valor para parámetro aws_session_token
2020-11-14 04:50:25,193 - Tarea AWS - Formato válido de aws_access_key_id, aws_secret_access_key y aws_session_token
2020-11-14 04:50:25,193 - Tarea AWS - END revisión validez credenciales
2020-11-14 04:50:25,193 - Tarea AWS - START ejecución Interfaz
2020-11-14 04:50:25,193 - Tarea AWS - Default bucket: testsoftware1
2020-11-14 04:50:25,193 - Tarea AWS - Default photo: text.png
2020-11-14 04:50:25,193 - Tarea AWS - Default base: It's monday but keep smiling
